[debug] [2022-07-17T23:52:55.739Z] ----------------------------------------------------------------------
[debug] [2022-07-17T23:52:55.741Z] Command:       C:\Program Files\nodejs\node.exe C:\Users\USER\AppData\Roaming\npm\node_modules\firebase-tools\lib\bin\firebase.js init
[debug] [2022-07-17T23:52:55.742Z] CLI Version:   11.2.2
[debug] [2022-07-17T23:52:55.742Z] Platform:      win32
[debug] [2022-07-17T23:52:55.742Z] Node Version:  v16.14.0
[debug] [2022-07-17T23:52:55.743Z] Time:          Mon Jul 18 2022 01:52:55 GMT+0200 (heure d’été d’Europe centrale)
[debug] [2022-07-17T23:52:55.743Z] ----------------------------------------------------------------------
[debug] 
[debug] [2022-07-17T23:52:55.813Z] > command requires scopes: ["email","openid","https://www.googleapis.com/auth/cloudplatformprojects.readonly","https://www.googleapis.com/auth/firebase","https://www.googleapis.com/auth/cloud-platform"]
[debug] [2022-07-17T23:52:55.813Z] > authorizing via signed-in user (youssoufali238@gmail.com)
[info] 
     ######## #### ########  ######## ########     ###     ######  ########
     ##        ##  ##     ## ##       ##     ##  ##   ##  ##       ##
     ######    ##  ########  ######   ########  #########  ######  ######
     ##        ##  ##    ##  ##       ##     ## ##     ##       ## ##
     ##       #### ##     ## ######## ########  ##     ##  ######  ########

You're about to initialize a Firebase project in this directory:

  C:\wamp64\www\Dev Chalenge Youssouf\Dev web réactif\Site 1

Before we get started, keep in mind:

  * You are currently outside your home directory
  * You are initializing within an existing Firebase project directory

[info] 
=== Project Setup
[info] 
[info] First, let's associate this project directory with a Firebase project.
[info] You can create multiple project aliases by running firebase use --add, 
[info] but for now we'll just set up a default project.
[info] 
[debug] [2022-07-17T23:53:59.288Z] Using project from CLI flag: figma-997f1
[debug] [2022-07-17T23:53:59.291Z] >>> [apiv2][query] GET https://firebase.googleapis.com/v1beta1/projects/figma-997f1 [none]
[debug] [2022-07-17T23:53:59.714Z] <<< [apiv2][status] GET https://firebase.googleapis.com/v1beta1/projects/figma-997f1 200
[debug] [2022-07-17T23:53:59.714Z] <<< [apiv2][body] GET https://firebase.googleapis.com/v1beta1/projects/figma-997f1 {"projectId":"figma-997f1","projectNumber":"1050928572338","displayName":"Figma","name":"projects/figma-997f1","resources":{"hostingSite":"figma-997f1","realtimeDatabaseInstance":"figma-997f1-default-rtdb"},"state":"ACTIVE"}
[info] i  Using project figma-997f1 (Figma) 
[info] 
=== Hosting:github Setup
[info] 
[info] i  Didn't detect a .git folder. Assuming C:\wamp64\www\Dev Chalenge Youssouf\Dev web réactif\Site 1 is the project root. 
[info] i  Authorizing with GitHub to upload your service account to a GitHub repository's secrets store. 
[info] 
[info] Visit this URL on this device to log in:
[info] https://github.com/login/oauth/authorize?client_id=89cf50f02ac6aaed3484&state=718558181&redirect_uri=http%3A%2F%2Flocalhost%3A9005&scope=read%3Auser%20repo%20public_repo
[info] 
[info] Waiting for authentication...
[debug] [2022-07-17T23:54:18.643Z] >>> [apiv2][query] POST https://github.com/login/oauth/access_token [none]
[debug] [2022-07-17T23:54:18.643Z] >>> [apiv2][body] POST https://github.com/login/oauth/access_token [stream]
[debug] [2022-07-17T23:54:19.169Z] <<< [apiv2][status] POST https://github.com/login/oauth/access_token 200
[debug] [2022-07-17T23:54:19.170Z] <<< [apiv2][body] POST https://github.com/login/oauth/access_token {"access_token":"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","token_type":"bearer","scope":"read:user,repo"}
[debug] [2022-07-17T23:54:19.245Z] >>> [apiv2][query] GET https://api.github.com/user [none]
[debug] [2022-07-17T23:54:19.651Z] <<< [apiv2][status] GET https://api.github.com/user 200
[debug] [2022-07-17T23:54:19.651Z] <<< [apiv2][body] GET https://api.github.com/user {"login":"ALIAHMEDYoussouf","id":90381095,"node_id":"MDQ6VXNlcjkwMzgxMDk1","avatar_url":"https://avatars.githubusercontent.com/u/90381095?v=4","gravatar_id":"","url":"https://api.github.com/users/ALIAHMEDYoussouf","html_url":"https://github.com/ALIAHMEDYoussouf","followers_url":"https://api.github.com/users/ALIAHMEDYoussouf/followers","following_url":"https://api.github.com/users/ALIAHMEDYoussouf/following{/other_user}","gists_url":"https://api.github.com/users/ALIAHMEDYoussouf/gists{/gist_id}","starred_url":"https://api.github.com/users/ALIAHMEDYoussouf/starred{/owner}{/repo}","subscriptions_url":"https://api.github.com/users/ALIAHMEDYoussouf/subscriptions","organizations_url":"https://api.github.com/users/ALIAHMEDYoussouf/orgs","repos_url":"https://api.github.com/users/ALIAHMEDYoussouf/repos","events_url":"https://api.github.com/users/ALIAHMEDYoussouf/events{/privacy}","received_events_url":"https://api.github.com/users/ALIAHMEDYoussouf/received_events","type":"User","site_admin":false,"name":null,"company":null,"blog":"","location":null,"email":null,"hireable":null,"bio":null,"twitter_username":null,"public_repos":13,"public_gists":0,"followers":2,"following":1,"created_at":"2021-09-09T08:09:51Z","updated_at":"2022-07-07T19:31:20Z","private_gists":0,"total_private_repos":0,"owned_private_repos":0,"disk_usage":9087,"collaborators":0,"two_factor_authentication":false,"plan":{"name":"free","space":976562499,"collaborators":0,"private_repos":10000}}
[info] 
[info] +  Success! Logged into GitHub as ALIAHMEDYoussouf 
[info] 
[debug] [2022-07-17T23:54:26.489Z] >>> [apiv2][query] GET https://api.github.com/repos//actions/secrets/public-key type=owner
[debug] [2022-07-17T23:54:26.786Z] <<< [apiv2][status] GET https://api.github.com/repos//actions/secrets/public-key 404
[debug] [2022-07-17T23:54:26.786Z] <<< [apiv2][body] GET https://api.github.com/repos//actions/secrets/public-key {"message":"Not Found","documentation_url":"https://docs.github.com/rest"}
